\BOOKMARK [0][-]{chapter.1}{Introduzione}{}% 1
\BOOKMARK [1][-]{section.1.1}{Robby: The Soda-Can-Collecting Robot}{chapter.1}% 2
\BOOKMARK [1][-]{section.1.2}{Entit\340 Intelligenti}{chapter.1}% 3
\BOOKMARK [1][-]{section.1.3}{Agenti Intelligenti}{chapter.1}% 4
\BOOKMARK [1][-]{section.1.4}{Agenti Razionali}{chapter.1}% 5
\BOOKMARK [1][-]{section.1.5}{Agenti Reattivi Semplici}{chapter.1}% 6
\BOOKMARK [1][-]{section.1.6}{Agenti in Grado di Apprendere}{chapter.1}% 7
\BOOKMARK [0][-]{chapter.2}{Obiettivi}{}% 8
\BOOKMARK [1][-]{section.2.1}{Entit\340 Invisibili - Vista a Croce}{chapter.2}% 9
\BOOKMARK [1][-]{section.2.2}{Entit\340 Invisibili - Vista Quadrata}{chapter.2}% 10
\BOOKMARK [1][-]{section.2.3}{Entit\340 Visibili - Vista a Croce}{chapter.2}% 11
\BOOKMARK [0][-]{chapter.3}{Progettazione}{}% 12
\BOOKMARK [1][-]{section.3.1}{Algoritmi Genetici: schema generale}{chapter.3}% 13
\BOOKMARK [1][-]{section.3.2}{Collaborazione}{chapter.3}% 14
\BOOKMARK [1][-]{section.3.3}{Funzione di Fitness}{chapter.3}% 15
\BOOKMARK [1][-]{section.3.4}{Selezione dei Genitori}{chapter.3}% 16
\BOOKMARK [1][-]{section.3.5}{Crossover}{chapter.3}% 17
\BOOKMARK [1][-]{section.3.6}{Mutazione Genetica}{chapter.3}% 18
\BOOKMARK [0][-]{chapter.4}{Implementazione}{}% 19
\BOOKMARK [1][-]{section.4.1}{ANSI C ed MPI}{chapter.4}% 20
\BOOKMARK [1][-]{section.4.2}{Installazione}{chapter.4}% 21
\BOOKMARK [1][-]{section.4.3}{Compilazione}{chapter.4}% 22
\BOOKMARK [1][-]{section.4.4}{Esecuzione}{chapter.4}% 23
\BOOKMARK [1][-]{section.4.5}{Architettura}{chapter.4}% 24
\BOOKMARK [0][-]{chapter.5}{Risultati}{}% 25
\BOOKMARK [1][-]{section.5.1}{Vista a Croce Non Collaborativa}{chapter.5}% 26
\BOOKMARK [2][-]{subsection.5.1.1}{100 Coppie, 0 Vecchi}{section.5.1}% 27
\BOOKMARK [2][-]{subsection.5.1.2}{100 Coppie, da 1 a 5 Vecchi}{section.5.1}% 28
\BOOKMARK [2][-]{subsection.5.1.3}{100 Coppie, da 10 a 35 Vecchie}{section.5.1}% 29
\BOOKMARK [2][-]{subsection.5.1.4}{100 Coppie, da 40 a 90 Vecchie}{section.5.1}% 30
\BOOKMARK [2][-]{subsection.5.1.5}{200 Coppie, da 10 a 180 Vecchie}{section.5.1}% 31
\BOOKMARK [2][-]{subsection.5.1.6}{200 Coppie, da 70 a 120 Vecchie, Non Mutate}{section.5.1}% 32
\BOOKMARK [1][-]{section.5.2}{Vista Quadrata Non Collaborativa}{chapter.5}% 33
\BOOKMARK [2][-]{subsection.5.2.1}{200 Coppie, da 70 a 120 Vecchie}{section.5.2}% 34
\BOOKMARK [2][-]{subsection.5.2.2}{200 Coppie, da 10 a 180 Vecchie, Mutazione 0.2\045}{section.5.2}% 35
\BOOKMARK [0][-]{chapter.6}{Conclusioni}{}% 36
